[28-Sep-2025 11:45:26 Europe/Berlin] Hubtel API Request: POST https://rmp.hubtel.com/merchantaccount/merchants/2031233/receive/mobilemoney
[28-Sep-2025 11:45:26 Europe/Berlin] Hubtel API Data: {"CustomerName":"John Doe","CustomerMsisdn":"233241234567","CustomerEmail":"john@example.com","Channel":"mtn-gh","Amount":2,"PrimaryCallbackUrl":"http:\/\/localhost\/webhooks\/hubtel-receive-money-callback.php","Description":"Vote for Kofi Boakye in Best Programmer of the year (2 votes)","ClientReference":"LINK_1759052726_4625"}
[28-Sep-2025 11:45:27 Europe/Berlin] Hubtel API Response Code: 403
[28-Sep-2025 11:45:27 Europe/Berlin] Hubtel API Response: <html>
<head><title>403 Forbidden</title></head>
<body>
<center><h1>403 Forbidden</h1></center>
</body>
</html>

[28-Sep-2025 11:45:27 Europe/Berlin] Payment link generation failed: API request failed
[28-Sep-2025 11:45:46 Europe/Berlin] Hubtel API Request: POST https://rmp.hubtel.com/merchantaccount/merchants/2031233/receive/mobilemoney
[28-Sep-2025 11:45:46 Europe/Berlin] Hubtel API Data: {"CustomerName":"John Doe","CustomerMsisdn":"233241234567","CustomerEmail":"john@example.com","Channel":"mtn-gh","Amount":2,"PrimaryCallbackUrl":"http:\/\/localhost\/webhooks\/hubtel-receive-money-callback.php","Description":"Vote for Kofi Boakye in Best Programmer of the year (2 votes)","ClientReference":"LINK_1759052746_8182"}
[28-Sep-2025 11:45:47 Europe/Berlin] Hubtel API Response Code: 403
[28-Sep-2025 11:45:47 Europe/Berlin] Hubtel API Response: <html>
<head><title>403 Forbidden</title></head>
<body>
<center><h1>403 Forbidden</h1></center>
</body>
</html>

[28-Sep-2025 11:45:47 Europe/Berlin] Payment link generation failed: API request failed
[28-Sep-2025 11:45:52 Europe/Berlin] Hubtel API Request: POST https://rmp.hubtel.com/merchantaccount/merchants/2031233/receive/mobilemoney
[28-Sep-2025 11:45:52 Europe/Berlin] Hubtel API Data: {"CustomerName":"John Doe","CustomerMsisdn":"233241234567","CustomerEmail":"john@example.com","Channel":"mtn-gh","Amount":2,"PrimaryCallbackUrl":"http:\/\/localhost\/webhooks\/hubtel-receive-money-callback.php","Description":"Vote for Kofi Boakye in Best Programmer of the year (2 votes)","ClientReference":"LINK_1759052752_5356"}
[28-Sep-2025 11:45:53 Europe/Berlin] Hubtel API Response Code: 403
[28-Sep-2025 11:45:53 Europe/Berlin] Hubtel API Response: <html>
<head><title>403 Forbidden</title></head>
<body>
<center><h1>403 Forbidden</h1></center>
</body>
</html>

[28-Sep-2025 11:45:53 Europe/Berlin] Payment link generation failed: API request failed
