[28-Sep-2025 11:40:48 Europe/Berlin] Hubtel USSD API Request: POST https://rmp.hubtel.com/merchantaccount/merchants/2031233/receive/ussd
[28-Sep-2025 11:40:48 Europe/Berlin] Hubtel USSD API Data: {"CustomerName":"John Doe","CustomerMsisdn":"233241234567","CustomerEmail":"john@example.com","Channel":"ussd-gh","Amount":2,"PrimaryCallbackUrl":"http:\/\/localhost\/baroncast\/webhooks\/hubtel-ussd-callback.php","Description":"Vote for Kofi Boakye in Best Programmer of the year (2 votes)","ClientReference":"USSD_1759052447_4479","Metadata":"{\"voter_name\":\"John Doe\",\"email\":\"john@example.com\",\"event_id\":1,\"nominee_id\":1,\"vote_count\":2,\"ussd_transaction_id\":\"1\"}"}
[28-Sep-2025 11:40:48 Europe/Berlin] Hubtel USSD API Response Code: 403
[28-Sep-2025 11:40:48 Europe/Berlin] Hubtel USSD API Response: <html>
<head><title>403 Forbidden</title></head>
<body>
<center><h1>403 Forbidden</h1></center>
</body>
</html>

[28-Sep-2025 11:40:48 Europe/Berlin] USSD payment generation failed: Failed to generate USSD payment code
[28-Sep-2025 11:45:23 Europe/Berlin] Hubtel USSD API Request: POST https://rmp.hubtel.com/merchantaccount/merchants/2031233/receive/ussd
[28-Sep-2025 11:45:23 Europe/Berlin] Hubtel USSD API Data: {"CustomerName":"John Doe","CustomerMsisdn":"233241234567","CustomerEmail":"john@example.com","Channel":"ussd-gh","Amount":2,"PrimaryCallbackUrl":"http:\/\/localhost\/baroncast\/webhooks\/hubtel-ussd-callback.php","Description":"Vote for Kofi Boakye in Best Programmer of the year (2 votes)","ClientReference":"USSD_1759052723_8077","Metadata":"{\"voter_name\":\"John Doe\",\"email\":\"john@example.com\",\"event_id\":1,\"nominee_id\":1,\"vote_count\":2,\"ussd_transaction_id\":\"2\"}"}
[28-Sep-2025 11:45:24 Europe/Berlin] Hubtel USSD API Response Code: 403
[28-Sep-2025 11:45:24 Europe/Berlin] Hubtel USSD API Response: <html>
<head><title>403 Forbidden</title></head>
<body>
<center><h1>403 Forbidden</h1></center>
</body>
</html>

[28-Sep-2025 11:45:24 Europe/Berlin] USSD payment generation failed: Failed to generate USSD payment code
[28-Sep-2025 11:45:51 Europe/Berlin] Hubtel USSD API Request: POST https://rmp.hubtel.com/merchantaccount/merchants/2031233/receive/ussd
[28-Sep-2025 11:45:51 Europe/Berlin] Hubtel USSD API Data: {"CustomerName":"John Doe","CustomerMsisdn":"233241234567","CustomerEmail":"john@example.com","Channel":"ussd-gh","Amount":2,"PrimaryCallbackUrl":"http:\/\/localhost\/baroncast\/webhooks\/hubtel-ussd-callback.php","Description":"Vote for Kofi Boakye in Best Programmer of the year (2 votes)","ClientReference":"USSD_1759052750_3887","Metadata":"{\"voter_name\":\"John Doe\",\"email\":\"john@example.com\",\"event_id\":1,\"nominee_id\":1,\"vote_count\":2,\"ussd_transaction_id\":\"3\"}"}
[28-Sep-2025 11:45:51 Europe/Berlin] Hubtel USSD API Response Code: 403
[28-Sep-2025 11:45:51 Europe/Berlin] Hubtel USSD API Response: <html>
<head><title>403 Forbidden</title></head>
<body>
<center><h1>403 Forbidden</h1></center>
</body>
</html>

[28-Sep-2025 11:45:51 Europe/Berlin] USSD payment generation failed: Failed to generate USSD payment code
